[2022-05-06T08:17:49.858Z] [PAYTM] INFO [NODE-SDK1.0.0] <MerchantProperties>: initialize called
[2022-05-06T08:17:49.858Z] [PAYTM] INFO [NODE-SDK1.0.0] <MerchantProperties>: Setting Environment for STAGE
[2022-05-06T08:25:53.992Z] [PAYTM] INFO [NODE-SDK1.0.0] <MerchantProperties>: initialize called
[2022-05-06T08:25:53.993Z] [PAYTM] INFO [NODE-SDK1.0.0] <MerchantProperties>: Setting Environment for STAGE
[2022-05-06T08:29:35.747Z] [PAYTM] INFO [NODE-SDK1.0.0] <MerchantProperties>: initialize called
[2022-05-06T08:29:35.747Z] [PAYTM] INFO [NODE-SDK1.0.0] <MerchantProperties>: Setting Environment for STAGE
[2022-05-06T08:32:21.255Z] [PAYTM] INFO [NODE-SDK1.0.0] <MerchantProperties>: initialize called
[2022-05-06T08:32:21.256Z] [PAYTM] INFO [NODE-SDK1.0.0] <MerchantProperties>: Setting Environment for STAGE
[2022-05-06T08:32:41.637Z] [PAYTM] INFO [NODE-SDK1.0.0] <MerchantProperties>: initialize called
[2022-05-06T08:32:41.637Z] [PAYTM] INFO [NODE-SDK1.0.0] <MerchantProperties>: Setting Environment for STAGE
[2022-05-06T08:33:21.887Z] [PAYTM] INFO [NODE-SDK1.0.0] <MerchantProperties>: initialize called
[2022-05-06T08:33:21.888Z] [PAYTM] INFO [NODE-SDK1.0.0] <MerchantProperties>: Setting Environment for STAGE
[2022-05-06T08:35:52.935Z] [PAYTM] INFO [NODE-SDK:1.0.0:55ed59f6-f585-4e12-ae95-cb17d9b0f99b] <Payment>: In createTxnToken PaymentDetail: {"channelId":"WEB","orderId":"6274d847fc643c6ea4c64c9c","txnAmount":{"currency":"INR","value":"1.00"},"userInfo":{"custId":"6274d844fc643c6ea4c64c9a","address":"12 new st North London London","email":"david@gmail.com","firstName":"David Bun","mobile":"7766554433","pincode":"532654"},"readTimeout":80000}
[2022-05-06T08:35:52.936Z] [PAYTM] INFO [NODE-SDK:1.0.0:55ed59f6-f585-4e12-ae95-cb17d9b0f99b] <Payment>: validatePaymentDetailsObject for object: {"channelId":"WEB","orderId":"6274d847fc643c6ea4c64c9c","txnAmount":{"currency":"INR","value":"1.00"},"userInfo":{"custId":"6274d844fc643c6ea4c64c9a","address":"12 new st North London London","email":"david@gmail.com","firstName":"David Bun","mobile":"7766554433","pincode":"532654"},"readTimeout":80000}
[2022-05-06T08:35:52.936Z] [PAYTM] INFO [NODE-SDK:1.0.0:55ed59f6-f585-4e12-ae95-cb17d9b0f99b] <Payment>:  validatePaymentDetailsObject returns true 
[2022-05-06T08:35:52.936Z] [PAYTM] INFO [NODE-SDK:1.0.0:55ed59f6-f585-4e12-ae95-cb17d9b0f99b] <CommonUtil>: In getSecureRequestHeader
[2022-05-06T08:35:52.936Z] [PAYTM] INFO [NODE-SDK:1.0.0:55ed59f6-f585-4e12-ae95-cb17d9b0f99b] <Payment>: InitiateTransactionRequest object {"head":{"version":"v2","channelId":"WEB","requestTimestamp":"1651826152936","signature":null},"body":{"requestType":"Payment","mid":"uvkvcc07743748524580","orderId":"6274d847fc643c6ea4c64c9c","websiteName":"WEB","txnAmount":{"currency":"INR","value":"1.00"},"userInfo":{"custId":"6274d844fc643c6ea4c64c9a","address":"12 new st North London London","email":"david@gmail.com","firstName":"David Bun","mobile":"7766554433","pincode":"532654"},"callbackUrl":"http://localhost:3000/"}}
[2022-05-06T08:35:52.936Z] [PAYTM] INFO [NODE-SDK:1.0.0:55ed59f6-f585-4e12-ae95-cb17d9b0f99b] <EncDecUtil>: generateSignature() called
[2022-05-06T08:35:52.937Z] [PAYTM] INFO [NODE-SDK:1.0.0:55ed59f6-f585-4e12-ae95-cb17d9b0f99b] <EncDecUtil>: generateRandomString() called
[2022-05-06T08:35:52.939Z] [PAYTM] INFO [NODE-SDK:1.0.0:55ed59f6-f585-4e12-ae95-cb17d9b0f99b] <EncDecUtil>: generateSalt returns: gmSE
[2022-05-06T08:35:52.939Z] [PAYTM] INFO [NODE-SDK:1.0.0:55ed59f6-f585-4e12-ae95-cb17d9b0f99b] <EncDecUtil>: getChecksumFromString returns: ZnM0IEuYY88KQCvtDP7uSZSO8tIpG7CJ/sxviNlFzTWVh5iFJyPDs4juEbQgo2Kf50/qQtSCjT/UcLHI/7Fpre8YHf+vDyv0Micqk6qMkQY=
[2022-05-06T08:35:52.939Z] [PAYTM] INFO [NODE-SDK:1.0.0:55ed59f6-f585-4e12-ae95-cb17d9b0f99b] <Request>: process for request: {"head":{"version":"v2","channelId":"WEB","requestTimestamp":"1651826152936","signature":"ZnM0IEuYY88KQCvtDP7uSZSO8tIpG7CJ/sxviNlFzTWVh5iFJyPDs4juEbQgo2Kf50/qQtSCjT/UcLHI/7Fpre8YHf+vDyv0Micqk6qMkQY="},"body":{"requestType":"Payment","mid":"uvkvcc07743748524580","orderId":"6274d847fc643c6ea4c64c9c","websiteName":"WEB","txnAmount":{"currency":"INR","value":"1.00"},"userInfo":{"custId":"6274d844fc643c6ea4c64c9a","address":"12 new st North London London","email":"david@gmail.com","firstName":"David Bun","mobile":"7766554433","pincode":"532654"},"callbackUrl":"http://localhost:3000/"}}
[2022-05-06T08:35:52.940Z] [PAYTM] INFO [NODE-SDK:1.0.0:55ed59f6-f585-4e12-ae95-cb17d9b0f99b] <Request>: executeCurl called 
[2022-05-06T08:35:52.940Z] [PAYTM] INFO [NODE-SDK:1.0.0:55ed59f6-f585-4e12-ae95-cb17d9b0f99b] <Request>: will make API call to: https://securegw-stage.paytm.in/theia/api/v1/initiateTransaction?mid=uvkvcc07743748524580&orderId=6274d847fc643c6ea4c64c9c
[2022-05-06T08:35:53.425Z] [PAYTM] INFO [NODE-SDK:1.0.0:55ed59f6-f585-4e12-ae95-cb17d9b0f99b] <Request>: API response received upon successful execution: {"head":{"responseTimestamp":"1651826156843","version":"v1","signature":"mlyUWC9gXDVwspesaXUKY+PFRWkfu0Wa6KZjre6DZf5mQNoCziMPsHP3H8Uf/zQe7/CIR0OvwF4mZ3O/codrEbgU0p5pBzUGTAUp2TEXw0A="},"body":{"resultInfo":{"resultStatus":"S","resultCode":"0000","resultMsg":"Success"},"txnToken":"e73563aeec8d481d96b58d1b5590e8d61651826156535","isPromoCodeValid":false,"authenticated":false}}
[2022-05-06T08:35:53.425Z] [PAYTM] INFO [NODE-SDK:1.0.0:55ed59f6-f585-4e12-ae95-cb17d9b0f99b] <Request>: Raw Response: {"head":{"responseTimestamp":"1651826156843","version":"v1","signature":"mlyUWC9gXDVwspesaXUKY+PFRWkfu0Wa6KZjre6DZf5mQNoCziMPsHP3H8Uf/zQe7/CIR0OvwF4mZ3O/codrEbgU0p5pBzUGTAUp2TEXw0A="},"body":{"resultInfo":{"resultStatus":"S","resultCode":"0000","resultMsg":"Success"},"txnToken":"e73563aeec8d481d96b58d1b5590e8d61651826156535","isPromoCodeValid":false,"authenticated":false}}
[2022-05-06T08:35:53.426Z] [PAYTM] INFO [NODE-SDK:1.0.0:55ed59f6-f585-4e12-ae95-cb17d9b0f99b] <Request>: Response Data Object: {"head":{"signature":"mlyUWC9gXDVwspesaXUKY+PFRWkfu0Wa6KZjre6DZf5mQNoCziMPsHP3H8Uf/zQe7/CIR0OvwF4mZ3O/codrEbgU0p5pBzUGTAUp2TEXw0A=","responseTimestamp":"1651826156843","version":"v1"},"body":{"txnToken":"e73563aeec8d481d96b58d1b5590e8d61651826156535","isPromoCodeValid":false,"resultInfo":{"resultStatus":"S","resultMsg":"Success","resultCode":"0000"},"extraParamsMap":{}}}
[2022-05-06T08:35:53.426Z] [PAYTM] INFO [NODE-SDK:1.0.0:55ed59f6-f585-4e12-ae95-cb17d9b0f99b] <Request>: validating signature 
[2022-05-06T08:35:53.426Z] [PAYTM] INFO [NODE-SDK:1.0.0:55ed59f6-f585-4e12-ae95-cb17d9b0f99b] <EncDecUtil>: verifyChecksumByString called()
[2022-05-06T08:35:53.427Z] [PAYTM] INFO [NODE-SDK:1.0.0:55ed59f6-f585-4e12-ae95-cb17d9b0f99b] <EncDecUtil>: verifyChecksumByString returns: true
[2022-05-06T08:35:53.427Z] [PAYTM] INFO [NODE-SDK:1.0.0:55ed59f6-f585-4e12-ae95-cb17d9b0f99b] <Request>: signature validation passed 
[2022-05-06T08:35:53.427Z] [PAYTM] INFO [NODE-SDK:1.0.0:55ed59f6-f585-4e12-ae95-cb17d9b0f99b] <Request>: Execution completed with raw json response: {"head":{"responseTimestamp":"1651826156843","version":"v1","signature":"mlyUWC9gXDVwspesaXUKY+PFRWkfu0Wa6KZjre6DZf5mQNoCziMPsHP3H8Uf/zQe7/CIR0OvwF4mZ3O/codrEbgU0p5pBzUGTAUp2TEXw0A="},"body":{"resultInfo":{"resultStatus":"S","resultCode":"0000","resultMsg":"Success"},"txnToken":"e73563aeec8d481d96b58d1b5590e8d61651826156535","isPromoCodeValid":false,"authenticated":false}}
[2022-05-06T08:43:25.657Z] [PAYTM] INFO [NODE-SDK:1.0.0:ea5ea86a-a5fc-4538-bdc4-be1fc2c78223] <Payment>: In createTxnToken PaymentDetail: {"channelId":"WEB","orderId":"6274df16d2b2e4b514af2dc4","txnAmount":{"currency":"INR","value":"1.00"},"userInfo":{"custId":"6274df14d2b2e4b514af2dc2","address":"12 new st North London London","email":"david@gmail.com","firstName":"David Bun","mobile":"7766554433","pincode":"532654"},"readTimeout":80000}
[2022-05-06T08:43:25.657Z] [PAYTM] INFO [NODE-SDK:1.0.0:ea5ea86a-a5fc-4538-bdc4-be1fc2c78223] <Payment>: validatePaymentDetailsObject for object: {"channelId":"WEB","orderId":"6274df16d2b2e4b514af2dc4","txnAmount":{"currency":"INR","value":"1.00"},"userInfo":{"custId":"6274df14d2b2e4b514af2dc2","address":"12 new st North London London","email":"david@gmail.com","firstName":"David Bun","mobile":"7766554433","pincode":"532654"},"readTimeout":80000}
[2022-05-06T08:43:25.657Z] [PAYTM] INFO [NODE-SDK:1.0.0:ea5ea86a-a5fc-4538-bdc4-be1fc2c78223] <Payment>:  validatePaymentDetailsObject returns true 
[2022-05-06T08:43:25.657Z] [PAYTM] INFO [NODE-SDK:1.0.0:ea5ea86a-a5fc-4538-bdc4-be1fc2c78223] <CommonUtil>: In getSecureRequestHeader
[2022-05-06T08:43:25.658Z] [PAYTM] INFO [NODE-SDK:1.0.0:ea5ea86a-a5fc-4538-bdc4-be1fc2c78223] <Payment>: InitiateTransactionRequest object {"head":{"version":"v2","channelId":"WEB","requestTimestamp":"1651826605657","signature":null},"body":{"requestType":"Payment","mid":"uvkvcc07743748524580","orderId":"6274df16d2b2e4b514af2dc4","websiteName":"WEB","txnAmount":{"currency":"INR","value":"1.00"},"userInfo":{"custId":"6274df14d2b2e4b514af2dc2","address":"12 new st North London London","email":"david@gmail.com","firstName":"David Bun","mobile":"7766554433","pincode":"532654"},"callbackUrl":"http://localhost:3000/"}}
[2022-05-06T08:43:25.658Z] [PAYTM] INFO [NODE-SDK:1.0.0:ea5ea86a-a5fc-4538-bdc4-be1fc2c78223] <EncDecUtil>: generateSignature() called
[2022-05-06T08:43:25.658Z] [PAYTM] INFO [NODE-SDK:1.0.0:ea5ea86a-a5fc-4538-bdc4-be1fc2c78223] <EncDecUtil>: generateRandomString() called
[2022-05-06T08:43:25.659Z] [PAYTM] INFO [NODE-SDK:1.0.0:ea5ea86a-a5fc-4538-bdc4-be1fc2c78223] <EncDecUtil>: generateSalt returns: jrjY
[2022-05-06T08:43:25.659Z] [PAYTM] INFO [NODE-SDK:1.0.0:ea5ea86a-a5fc-4538-bdc4-be1fc2c78223] <EncDecUtil>: getChecksumFromString returns: z1ROcM/h3imxHg+vGyFoCpUDmMvMmy4RIOn6/7/Mp7Epv2OcYJByXK2YdIYa/RZRlIGZw6LFMZlN0imldKTokyLbPSU14WiaUvbMz/3pa5c=
[2022-05-06T08:43:25.660Z] [PAYTM] INFO [NODE-SDK:1.0.0:ea5ea86a-a5fc-4538-bdc4-be1fc2c78223] <Request>: process for request: {"head":{"version":"v2","channelId":"WEB","requestTimestamp":"1651826605657","signature":"z1ROcM/h3imxHg+vGyFoCpUDmMvMmy4RIOn6/7/Mp7Epv2OcYJByXK2YdIYa/RZRlIGZw6LFMZlN0imldKTokyLbPSU14WiaUvbMz/3pa5c="},"body":{"requestType":"Payment","mid":"uvkvcc07743748524580","orderId":"6274df16d2b2e4b514af2dc4","websiteName":"WEB","txnAmount":{"currency":"INR","value":"1.00"},"userInfo":{"custId":"6274df14d2b2e4b514af2dc2","address":"12 new st North London London","email":"david@gmail.com","firstName":"David Bun","mobile":"7766554433","pincode":"532654"},"callbackUrl":"http://localhost:3000/"}}
[2022-05-06T08:43:25.660Z] [PAYTM] INFO [NODE-SDK:1.0.0:ea5ea86a-a5fc-4538-bdc4-be1fc2c78223] <Request>: executeCurl called 
[2022-05-06T08:43:25.660Z] [PAYTM] INFO [NODE-SDK:1.0.0:ea5ea86a-a5fc-4538-bdc4-be1fc2c78223] <Request>: will make API call to: https://securegw-stage.paytm.in/theia/api/v1/initiateTransaction?mid=uvkvcc07743748524580&orderId=6274df16d2b2e4b514af2dc4
[2022-05-06T08:43:25.891Z] [PAYTM] INFO [NODE-SDK:1.0.0:ea5ea86a-a5fc-4538-bdc4-be1fc2c78223] <Request>: API response received upon successful execution: {"head":{"responseTimestamp":"1651826609351","version":"v1","signature":"xIqUlPWBqwHcHnvgjGZsZ1Aago3nejaEp7Z3sh4jrS3KlYyvBffmIxmM+sAWs5g0Sw6HzTGvZ+V/Cmdpuyfi80SnCodDh3sdoJc1AwNjR58="},"body":{"resultInfo":{"resultStatus":"S","resultCode":"0000","resultMsg":"Success"},"txnToken":"f5f0fda7e3ec47b2a6bfe1f4fa3e24601651826609218","isPromoCodeValid":false,"authenticated":false}}
[2022-05-06T08:43:25.892Z] [PAYTM] INFO [NODE-SDK:1.0.0:ea5ea86a-a5fc-4538-bdc4-be1fc2c78223] <Request>: Raw Response: {"head":{"responseTimestamp":"1651826609351","version":"v1","signature":"xIqUlPWBqwHcHnvgjGZsZ1Aago3nejaEp7Z3sh4jrS3KlYyvBffmIxmM+sAWs5g0Sw6HzTGvZ+V/Cmdpuyfi80SnCodDh3sdoJc1AwNjR58="},"body":{"resultInfo":{"resultStatus":"S","resultCode":"0000","resultMsg":"Success"},"txnToken":"f5f0fda7e3ec47b2a6bfe1f4fa3e24601651826609218","isPromoCodeValid":false,"authenticated":false}}
[2022-05-06T08:43:25.892Z] [PAYTM] INFO [NODE-SDK:1.0.0:ea5ea86a-a5fc-4538-bdc4-be1fc2c78223] <Request>: Response Data Object: {"head":{"signature":"xIqUlPWBqwHcHnvgjGZsZ1Aago3nejaEp7Z3sh4jrS3KlYyvBffmIxmM+sAWs5g0Sw6HzTGvZ+V/Cmdpuyfi80SnCodDh3sdoJc1AwNjR58=","responseTimestamp":"1651826609351","version":"v1"},"body":{"txnToken":"f5f0fda7e3ec47b2a6bfe1f4fa3e24601651826609218","isPromoCodeValid":false,"resultInfo":{"resultStatus":"S","resultMsg":"Success","resultCode":"0000"},"extraParamsMap":{}}}
[2022-05-06T08:43:25.892Z] [PAYTM] INFO [NODE-SDK:1.0.0:ea5ea86a-a5fc-4538-bdc4-be1fc2c78223] <Request>: validating signature 
[2022-05-06T08:43:25.893Z] [PAYTM] INFO [NODE-SDK:1.0.0:ea5ea86a-a5fc-4538-bdc4-be1fc2c78223] <EncDecUtil>: verifyChecksumByString called()
[2022-05-06T08:43:25.893Z] [PAYTM] INFO [NODE-SDK:1.0.0:ea5ea86a-a5fc-4538-bdc4-be1fc2c78223] <EncDecUtil>: verifyChecksumByString returns: true
[2022-05-06T08:43:25.893Z] [PAYTM] INFO [NODE-SDK:1.0.0:ea5ea86a-a5fc-4538-bdc4-be1fc2c78223] <Request>: signature validation passed 
[2022-05-06T08:43:25.893Z] [PAYTM] INFO [NODE-SDK:1.0.0:ea5ea86a-a5fc-4538-bdc4-be1fc2c78223] <Request>: Execution completed with raw json response: {"head":{"responseTimestamp":"1651826609351","version":"v1","signature":"xIqUlPWBqwHcHnvgjGZsZ1Aago3nejaEp7Z3sh4jrS3KlYyvBffmIxmM+sAWs5g0Sw6HzTGvZ+V/Cmdpuyfi80SnCodDh3sdoJc1AwNjR58="},"body":{"resultInfo":{"resultStatus":"S","resultCode":"0000","resultMsg":"Success"},"txnToken":"f5f0fda7e3ec47b2a6bfe1f4fa3e24601651826609218","isPromoCodeValid":false,"authenticated":false}}
[2022-05-06T08:46:35.798Z] [PAYTM] INFO [NODE-SDK1.0.0] <MerchantProperties>: initialize called
[2022-05-06T08:46:35.799Z] [PAYTM] INFO [NODE-SDK1.0.0] <MerchantProperties>: Setting Environment for STAGE
[2022-05-06T08:49:47.853Z] [PAYTM] INFO [NODE-SDK:1.0.0:434122f1-4713-450e-9293-3893ef93eb1f] <Payment>: In createTxnToken PaymentDetail: {"channelId":"WEB","orderId":"6274df16d2b2e4b514af2dc4","txnAmount":{"currency":"INR","value":"1.00"},"userInfo":{"custId":"6274df14d2b2e4b514af2dc2","address":"12 new st North London London","email":"david@gmail.com","firstName":"David Bun","mobile":"7766554433","pincode":"532654"},"readTimeout":80000}
[2022-05-06T08:49:47.854Z] [PAYTM] INFO [NODE-SDK:1.0.0:434122f1-4713-450e-9293-3893ef93eb1f] <Payment>: validatePaymentDetailsObject for object: {"channelId":"WEB","orderId":"6274df16d2b2e4b514af2dc4","txnAmount":{"currency":"INR","value":"1.00"},"userInfo":{"custId":"6274df14d2b2e4b514af2dc2","address":"12 new st North London London","email":"david@gmail.com","firstName":"David Bun","mobile":"7766554433","pincode":"532654"},"readTimeout":80000}
[2022-05-06T08:49:47.854Z] [PAYTM] INFO [NODE-SDK:1.0.0:434122f1-4713-450e-9293-3893ef93eb1f] <Payment>:  validatePaymentDetailsObject returns true 
[2022-05-06T08:49:47.855Z] [PAYTM] INFO [NODE-SDK:1.0.0:434122f1-4713-450e-9293-3893ef93eb1f] <CommonUtil>: In getSecureRequestHeader
[2022-05-06T08:49:47.855Z] [PAYTM] INFO [NODE-SDK:1.0.0:434122f1-4713-450e-9293-3893ef93eb1f] <Payment>: InitiateTransactionRequest object {"head":{"version":"v2","channelId":"WEB","requestTimestamp":"1651826987855","signature":null},"body":{"requestType":"Payment","mid":"uvkvcc07743748524580","orderId":"6274df16d2b2e4b514af2dc4","websiteName":"WEB","txnAmount":{"currency":"INR","value":"1.00"},"userInfo":{"custId":"6274df14d2b2e4b514af2dc2","address":"12 new st North London London","email":"david@gmail.com","firstName":"David Bun","mobile":"7766554433","pincode":"532654"},"callbackUrl":"http://localhost:3000/"}}
[2022-05-06T08:49:47.855Z] [PAYTM] INFO [NODE-SDK:1.0.0:434122f1-4713-450e-9293-3893ef93eb1f] <EncDecUtil>: generateSignature() called
[2022-05-06T08:49:47.855Z] [PAYTM] INFO [NODE-SDK:1.0.0:434122f1-4713-450e-9293-3893ef93eb1f] <EncDecUtil>: generateRandomString() called
[2022-05-06T08:49:47.856Z] [PAYTM] INFO [NODE-SDK:1.0.0:434122f1-4713-450e-9293-3893ef93eb1f] <EncDecUtil>: generateSalt returns: MA3W
[2022-05-06T08:49:47.857Z] [PAYTM] INFO [NODE-SDK:1.0.0:434122f1-4713-450e-9293-3893ef93eb1f] <EncDecUtil>: getChecksumFromString returns: 76cLPbMqpi5jIfUWD74j63likxajTW+VgVozcmFW0N4pNOdiCy/Mw/eyfdH5JMxI79UFqlZge8mCpWUPZFwEnkRgfCKV49/AbYTZj8aQNRI=
[2022-05-06T08:49:47.857Z] [PAYTM] INFO [NODE-SDK:1.0.0:434122f1-4713-450e-9293-3893ef93eb1f] <Request>: process for request: {"head":{"version":"v2","channelId":"WEB","requestTimestamp":"1651826987855","signature":"76cLPbMqpi5jIfUWD74j63likxajTW+VgVozcmFW0N4pNOdiCy/Mw/eyfdH5JMxI79UFqlZge8mCpWUPZFwEnkRgfCKV49/AbYTZj8aQNRI="},"body":{"requestType":"Payment","mid":"uvkvcc07743748524580","orderId":"6274df16d2b2e4b514af2dc4","websiteName":"WEB","txnAmount":{"currency":"INR","value":"1.00"},"userInfo":{"custId":"6274df14d2b2e4b514af2dc2","address":"12 new st North London London","email":"david@gmail.com","firstName":"David Bun","mobile":"7766554433","pincode":"532654"},"callbackUrl":"http://localhost:3000/"}}
[2022-05-06T08:49:47.857Z] [PAYTM] INFO [NODE-SDK:1.0.0:434122f1-4713-450e-9293-3893ef93eb1f] <Request>: executeCurl called 
[2022-05-06T08:49:47.857Z] [PAYTM] INFO [NODE-SDK:1.0.0:434122f1-4713-450e-9293-3893ef93eb1f] <Request>: will make API call to: https://securegw-stage.paytm.in/theia/api/v1/initiateTransaction?mid=uvkvcc07743748524580&orderId=6274df16d2b2e4b514af2dc4
[2022-05-06T08:49:47.944Z] [PAYTM] INFO [NODE-SDK:1.0.0:434122f1-4713-450e-9293-3893ef93eb1f] <Request>: API response received upon successful execution: {"head":{"responseTimestamp":"1651826991422","version":"v1","signature":"8kOeWqvlPk7Q6YW9FAIADJwqjyPJUuwiHVynU2zB8voBhUcZVZ+45XLygC4BDzlRxYs9rX1yPzWayrOsVWodvL1Co2O6ibxPTcJYW6foang="},"body":{"resultInfo":{"resultStatus":"S","resultCode":"0002","resultMsg":"Success Idempotent"},"txnToken":"f5f0fda7e3ec47b2a6bfe1f4fa3e24601651826609218","isPromoCodeValid":false,"authenticated":false}}
[2022-05-06T08:49:47.944Z] [PAYTM] INFO [NODE-SDK:1.0.0:434122f1-4713-450e-9293-3893ef93eb1f] <Request>: Raw Response: {"head":{"responseTimestamp":"1651826991422","version":"v1","signature":"8kOeWqvlPk7Q6YW9FAIADJwqjyPJUuwiHVynU2zB8voBhUcZVZ+45XLygC4BDzlRxYs9rX1yPzWayrOsVWodvL1Co2O6ibxPTcJYW6foang="},"body":{"resultInfo":{"resultStatus":"S","resultCode":"0002","resultMsg":"Success Idempotent"},"txnToken":"f5f0fda7e3ec47b2a6bfe1f4fa3e24601651826609218","isPromoCodeValid":false,"authenticated":false}}
[2022-05-06T08:49:47.944Z] [PAYTM] INFO [NODE-SDK:1.0.0:434122f1-4713-450e-9293-3893ef93eb1f] <Request>: Response Data Object: {"head":{"signature":"8kOeWqvlPk7Q6YW9FAIADJwqjyPJUuwiHVynU2zB8voBhUcZVZ+45XLygC4BDzlRxYs9rX1yPzWayrOsVWodvL1Co2O6ibxPTcJYW6foang=","responseTimestamp":"1651826991422","version":"v1"},"body":{"txnToken":"f5f0fda7e3ec47b2a6bfe1f4fa3e24601651826609218","isPromoCodeValid":false,"resultInfo":{"resultStatus":"S","resultMsg":"Success Idempotent","resultCode":"0002"},"extraParamsMap":{}}}
[2022-05-06T08:49:47.944Z] [PAYTM] INFO [NODE-SDK:1.0.0:434122f1-4713-450e-9293-3893ef93eb1f] <Request>: validating signature 
[2022-05-06T08:49:47.944Z] [PAYTM] INFO [NODE-SDK:1.0.0:434122f1-4713-450e-9293-3893ef93eb1f] <EncDecUtil>: verifyChecksumByString called()
[2022-05-06T08:49:47.944Z] [PAYTM] INFO [NODE-SDK:1.0.0:434122f1-4713-450e-9293-3893ef93eb1f] <EncDecUtil>: verifyChecksumByString returns: true
[2022-05-06T08:49:47.945Z] [PAYTM] INFO [NODE-SDK:1.0.0:434122f1-4713-450e-9293-3893ef93eb1f] <Request>: signature validation passed 
[2022-05-06T08:49:47.945Z] [PAYTM] INFO [NODE-SDK:1.0.0:434122f1-4713-450e-9293-3893ef93eb1f] <Request>: Execution completed with raw json response: {"head":{"responseTimestamp":"1651826991422","version":"v1","signature":"8kOeWqvlPk7Q6YW9FAIADJwqjyPJUuwiHVynU2zB8voBhUcZVZ+45XLygC4BDzlRxYs9rX1yPzWayrOsVWodvL1Co2O6ibxPTcJYW6foang="},"body":{"resultInfo":{"resultStatus":"S","resultCode":"0002","resultMsg":"Success Idempotent"},"txnToken":"f5f0fda7e3ec47b2a6bfe1f4fa3e24601651826609218","isPromoCodeValid":false,"authenticated":false}}
